# JRE version: Java(TM) SE Runtime Environment (8.0_121-b13) (build 1.8.0_121-b13)
# Java VM: Java HotSpot(TM) 64-Bit Server VM (25.121-b13 mixed mode windows-amd64 compressed oops)
Heap:
 PSYoungGen      total 210432K, used 161661K [0x00000000d5580000, 0x00000000e4a80000, 0x0000000100000000)
  eden space 192512K, 83% used [0x00000000d5580000,0x00000000df35f488,0x00000000e1180000)
  from space 17920K, 0% used [0x00000000e2380000,0x00000000e2380000,0x00000000e3500000)
  to   space 18432K, 0% used [0x00000000e1180000,0x00000000e1180000,0x00000000e2380000)
 ParOldGen       total 73216K, used 20112K [0x0000000080000000, 0x0000000084780000, 0x00000000d5580000)
  object space 73216K, 27% used [0x0000000080000000,0x00000000813a41b0,0x0000000084780000)
 Metaspace       used 46858K, capacity 48812K, committed 49112K, reserved 1091584K
  class space    used 6214K, capacity 6568K, committed 6656K, reserved 1048576K
GC Heap History (10 events):
Event: 3.317 GC heap before
{Heap before GC invocations=6 (full 1):
 PSYoungGen      total 71680K, used 66560K [0x00000000d5580000, 0x00000000da080000, 0x0000000100000000)
  eden space 66560K, 100% used [0x00000000d5580000,0x00000000d9680000,0x00000000d9680000)
  from space 5120K, 0% used [0x00000000d9b80000,0x00000000d9b80000,0x00000000da080000)
  to   space 5120K, 0% used [0x00000000d9680000,0x00000000d9680000,0x00000000d9b80000)
 ParOldGen       total 50688K, used 5493K [0x0000000080000000, 0x0000000083180000, 0x00000000d5580000)
  object space 50688K, 10% used [0x0000000080000000,0x000000008055d4f8,0x0000000083180000)
 Metaspace       used 23940K, capacity 24854K, committed 25088K, reserved 1071104K
  class space    used 3309K, capacity 3544K, committed 3584K, reserved 1048576K
Event: 3.329 GC heap after
Heap after GC invocations=6 (full 1):
 PSYoungGen      total 71680K, used 5097K [0x00000000d5580000, 0x00000000dd980000, 0x0000000100000000)
  eden space 66560K, 0% used [0x00000000d5580000,0x00000000d5580000,0x00000000d9680000)
  from space 5120K, 99% used [0x00000000d9680000,0x00000000d9b7a668,0x00000000d9b80000)
  to   space 9216K, 0% used [0x00000000dd080000,0x00000000dd080000,0x00000000dd980000)
 ParOldGen       total 50688K, used 7355K [0x0000000080000000, 0x0000000083180000, 0x00000000d5580000)
  object space 50688K, 14% used [0x0000000080000000,0x000000008072ee10,0x0000000083180000)
 Metaspace       used 23940K, capacity 24854K, committed 25088K, reserved 1071104K
  class space    used 3309K, capacity 3544K, committed 3584K, reserved 1048576K
}
Event: 4.242 GC heap before
{Heap before GC invocations=7 (full 1):
 PSYoungGen      total 71680K, used 71657K [0x00000000d5580000, 0x00000000dd980000, 0x0000000100000000)
  eden space 66560K, 100% used [0x00000000d5580000,0x00000000d9680000,0x00000000d9680000)
  from space 5120K, 99% used [0x00000000d9680000,0x00000000d9b7a668,0x00000000d9b80000)
  to   space 9216K, 0% used [0x00000000dd080000,0x00000000dd080000,0x00000000dd980000)
 ParOldGen       total 50688K, used 7355K [0x0000000080000000, 0x0000000083180000, 0x00000000d5580000)
  object space 50688K, 14% used [0x0000000080000000,0x000000008072ee10,0x0000000083180000)
 Metaspace       used 28833K, capacity 30200K, committed 30464K, reserved 1075200K
  class space    used 3992K, capacity 4283K, committed 4352K, reserved 1048576K
Event: 4.263 GC heap after
Heap after GC invocations=7 (full 1):
 PSYoungGen      total 122368K, used 9212K [0x00000000d5580000, 0x00000000ddf00000, 0x0000000100000000)
  eden space 113152K, 0% used [0x00000000d5580000,0x00000000d5580000,0x00000000dc400000)
  from space 9216K, 99% used [0x00000000dd080000,0x00000000dd97f310,0x00000000dd980000)
  to   space 12800K, 0% used [0x00000000dc400000,0x00000000dc400000,0x00000000dd080000)
 ParOldGen       total 50688K, used 11857K [0x0000000080000000, 0x0000000083180000, 0x00000000d5580000)
  object space 50688K, 23% used [0x0000000080000000,0x0000000080b94580,0x0000000083180000)
 Metaspace       used 28833K, capacity 30200K, committed 30464K, reserved 1075200K
  class space    used 3992K, capacity 4283K, committed 4352K, reserved 1048576K
}
Event: 5.609 GC heap before
{Heap before GC invocations=8 (full 1):
 PSYoungGen      total 122368K, used 122364K [0x00000000d5580000, 0x00000000ddf00000, 0x0000000100000000)
  eden space 113152K, 100% used [0x00000000d5580000,0x00000000dc400000,0x00000000dc400000)
  from space 9216K, 99% used [0x00000000dd080000,0x00000000dd97f310,0x00000000dd980000)
  to   space 12800K, 0% used [0x00000000dc400000,0x00000000dc400000,0x00000000dd080000)
 ParOldGen       total 50688K, used 11857K [0x0000000080000000, 0x0000000083180000, 0x00000000d5580000)
  object space 50688K, 23% used [0x0000000080000000,0x0000000080b94580,0x0000000083180000)
 Metaspace       used 33564K, capacity 35242K, committed 35416K, reserved 1079296K
  class space    used 4617K, capacity 4960K, committed 4992K, reserved 1048576K
Event: 5.646 GC heap after
Heap after GC invocations=8 (full 1):
 PSYoungGen      total 125952K, used 12777K [0x00000000d5580000, 0x00000000e3500000, 0x0000000100000000)
  eden space 113152K, 0% used [0x00000000d5580000,0x00000000d5580000,0x00000000dc400000)
  from space 12800K, 99% used [0x00000000dc400000,0x00000000dd07a4e0,0x00000000dd080000)
  to   space 17920K, 0% used [0x00000000e2380000,0x00000000e2380000,0x00000000e3500000)
 ParOldGen       total 50688K, used 18849K [0x0000000080000000, 0x0000000083180000, 0x00000000d5580000)
  object space 50688K, 37% used [0x0000000080000000,0x00000000812684a0,0x0000000083180000)
 Metaspace       used 33564K, capacity 35242K, committed 35416K, reserved 1079296K
  class space    used 4617K, capacity 4960K, committed 4992K, reserved 1048576K
}
Event: 5.667 GC heap before
{Heap before GC invocations=9 (full 1):
 PSYoungGen      total 125952K, used 15827K [0x00000000d5580000, 0x00000000e3500000, 0x0000000100000000)
  eden space 113152K, 2% used [0x00000000d5580000,0x00000000d587aa48,0x00000000dc400000)
  from space 12800K, 99% used [0x00000000dc400000,0x00000000dd07a4e0,0x00000000dd080000)
  to   space 17920K, 0% used [0x00000000e2380000,0x00000000e2380000,0x00000000e3500000)
 ParOldGen       total 50688K, used 18849K [0x0000000080000000, 0x0000000083180000, 0x00000000d5580000)
  object space 50688K, 37% used [0x0000000080000000,0x00000000812684a0,0x0000000083180000)
 Metaspace       used 33639K, capacity 35324K, committed 35416K, reserved 1079296K
  class space    used 4629K, capacity 4963K, committed 4992K, reserved 1048576K
Event: 5.683 GC heap after
Heap after GC invocations=9 (full 1):
 PSYoungGen      total 210432K, used 12861K [0x00000000d5580000, 0x00000000e4a80000, 0x0000000100000000)
  eden space 192512K, 0% used [0x00000000d5580000,0x00000000d5580000,0x00000000e1180000)
  from space 17920K, 71% used [0x00000000e2380000,0x00000000e300f4f0,0x00000000e3500000)
  to   space 18432K, 0% used [0x00000000e1180000,0x00000000e1180000,0x00000000e2380000)
 ParOldGen       total 50688K, used 18857K [0x0000000080000000, 0x0000000083180000, 0x00000000d5580000)
  object space 50688K, 37% used [0x0000000080000000,0x000000008126a4a0,0x0000000083180000)
 Metaspace       used 33639K, capacity 35324K, committed 35416K, reserved 1079296K
  class space    used 4629K, capacity 4963K, committed 4992K, reserved 1048576K
}
Event: 5.683 GC heap before
{Heap before GC invocations=10 (full 2):
 PSYoungGen      total 210432K, used 12861K [0x00000000d5580000, 0x00000000e4a80000, 0x0000000100000000)
  eden space 192512K, 0% used [0x00000000d5580000,0x00000000d5580000,0x00000000e1180000)
  from space 17920K, 71% used [0x00000000e2380000,0x00000000e300f4f0,0x00000000e3500000)
  to   space 18432K, 0% used [0x00000000e1180000,0x00000000e1180000,0x00000000e2380000)
 ParOldGen       total 50688K, used 18857K [0x0000000080000000, 0x0000000083180000, 0x00000000d5580000)
  object space 50688K, 37% used [0x0000000080000000,0x000000008126a4a0,0x0000000083180000)
 Metaspace       used 33639K, capacity 35324K, committed 35416K, reserved 1079296K
  class space    used 4629K, capacity 4963K, committed 4992K, reserved 1048576K
Event: 5.748 GC heap after
Heap after GC invocations=10 (full 2):
 PSYoungGen      total 210432K, used 0K [0x00000000d5580000, 0x00000000e4a80000, 0x0000000100000000)
  eden space 192512K, 0% used [0x00000000d5580000,0x00000000d5580000,0x00000000e1180000)
  from space 17920K, 0% used [0x00000000e2380000,0x00000000e2380000,0x00000000e3500000)
  to   space 18432K, 0% used [0x00000000e1180000,0x00000000e1180000,0x00000000e2380000)
 ParOldGen       total 73216K, used 20112K [0x0000000080000000, 0x0000000084780000, 0x00000000d5580000)
  object space 73216K, 27% used [0x0000000080000000,0x00000000813a41b0,0x0000000084780000)
 Metaspace       used 33639K, capacity 35324K, committed 35416K, reserved 1079296K
  class space    used 4629K, capacity 4963K, committed 4992K, reserved 1048576K
}

